<?xml version="1.0" encoding="UTF-8"?>
<testsuite name="org.example.webservice.web.IndexControllerTest" tests="1" skipped="0" failures="0" errors="0" timestamp="2025-01-24T09:25:51" hostname="DESKTOP-D3R7600" time="0.263">
  <properties/>
  <testcase name="mainPageLoad()" classname="org.example.webservice.web.IndexControllerTest" time="0.263"/>
  <system-out><![CDATA[18:25:47.683 [Test worker] DEBUG org.springframework.test.context.BootstrapUtils - Instantiating CacheAwareContextLoaderDelegate from class [org.springframework.test.context.cache.DefaultCacheAwareContextLoaderDelegate]
18:25:47.693 [Test worker] DEBUG org.springframework.test.context.BootstrapUtils - Instantiating BootstrapContext using constructor [public org.springframework.test.context.support.DefaultBootstrapContext(java.lang.Class,org.springframework.test.context.CacheAwareContextLoaderDelegate)]
18:25:47.702 [Test worker] DEBUG org.springframework.test.context.BootstrapUtils - Instantiating TestContextBootstrapper for test class [org.example.webservice.web.IndexControllerTest] from class [org.springframework.boot.test.context.SpringBootTestContextBootstrapper]
18:25:47.712 [Test worker] INFO org.springframework.boot.test.context.SpringBootTestContextBootstrapper - Neither @ContextConfiguration nor @ContextHierarchy found for test class [org.example.webservice.web.IndexControllerTest], using SpringBootContextLoader
18:25:47.714 [Test worker] DEBUG org.springframework.test.context.support.AbstractContextLoader - Did not detect default resource location for test class [org.example.webservice.web.IndexControllerTest]: class path resource [org/example/webservice/web/IndexControllerTest-context.xml] does not exist
18:25:47.714 [Test worker] DEBUG org.springframework.test.context.support.AbstractContextLoader - Did not detect default resource location for test class [org.example.webservice.web.IndexControllerTest]: class path resource [org/example/webservice/web/IndexControllerTestContext.groovy] does not exist
18:25:47.714 [Test worker] INFO org.springframework.test.context.support.AbstractContextLoader - Could not detect default resource locations for test class [org.example.webservice.web.IndexControllerTest]: no resource found for suffixes {-context.xml, Context.groovy}.
18:25:47.715 [Test worker] INFO org.springframework.test.context.support.AnnotationConfigContextLoaderUtils - Could not detect default configuration classes for test class [org.example.webservice.web.IndexControllerTest]: IndexControllerTest does not declare any static, non-private, non-final, nested classes annotated with @Configuration.
18:25:47.739 [Test worker] DEBUG org.springframework.test.context.support.ActiveProfilesUtils - Could not find an 'annotation declaring class' for annotation type [org.springframework.test.context.ActiveProfiles] and class [org.example.webservice.web.IndexControllerTest]
18:25:47.820 [Test worker] DEBUG org.springframework.context.annotation.ClassPathScanningCandidateComponentProvider - Identified candidate component class: file [D:\springboot\webservice\build\classes\java\main\org\example\webservice\Application.class]
18:25:47.822 [Test worker] INFO org.springframework.boot.test.context.SpringBootTestContextBootstrapper - Found @SpringBootConfiguration org.example.webservice.Application for test class org.example.webservice.web.IndexControllerTest
18:25:47.869 [Test worker] DEBUG org.springframework.boot.test.context.SpringBootTestContextBootstrapper - @TestExecutionListeners is not present for class [org.example.webservice.web.IndexControllerTest]: using defaults.
18:25:47.869 [Test worker] INFO org.springframework.boot.test.context.SpringBootTestContextBootstrapper - Loaded default TestExecutionListener class names from location [META-INF/spring.factories]: [org.springframework.boot.test.autoconfigure.restdocs.RestDocsTestExecutionListener, org.springframework.boot.test.autoconfigure.web.client.MockRestServiceServerResetTestExecutionListener, org.springframework.boot.test.autoconfigure.web.servlet.MockMvcPrintOnlyOnFailureTestExecutionListener, org.springframework.boot.test.autoconfigure.web.servlet.WebDriverTestExecutionListener, org.springframework.boot.test.mock.mockito.MockitoTestExecutionListener, org.springframework.boot.test.mock.mockito.ResetMocksTestExecutionListener, org.springframework.test.context.web.ServletTestExecutionListener, org.springframework.test.context.support.DirtiesContextBeforeModesTestExecutionListener, org.springframework.test.context.support.DependencyInjectionTestExecutionListener, org.springframework.test.context.support.DirtiesContextTestExecutionListener, org.springframework.test.context.transaction.TransactionalTestExecutionListener, org.springframework.test.context.jdbc.SqlScriptsTestExecutionListener]
18:25:47.892 [Test worker] INFO org.springframework.boot.test.context.SpringBootTestContextBootstrapper - Using TestExecutionListeners: [org.springframework.test.context.web.ServletTestExecutionListener@2a84f739, org.springframework.test.context.support.DirtiesContextBeforeModesTestExecutionListener@22138bcc, org.springframework.boot.test.mock.mockito.MockitoTestExecutionListener@2825e036, org.springframework.boot.test.autoconfigure.SpringBootDependencyInjectionTestExecutionListener@614281ff, org.springframework.test.context.support.DirtiesContextTestExecutionListener@6c728fd1, org.springframework.test.context.transaction.TransactionalTestExecutionListener@52812478, org.springframework.test.context.jdbc.SqlScriptsTestExecutionListener@55a24a4e, org.springframework.boot.test.autoconfigure.restdocs.RestDocsTestExecutionListener@209a647c, org.springframework.boot.test.autoconfigure.web.client.MockRestServiceServerResetTestExecutionListener@586e7bb9, org.springframework.boot.test.autoconfigure.web.servlet.MockMvcPrintOnlyOnFailureTestExecutionListener@3173628, org.springframework.boot.test.autoconfigure.web.servlet.WebDriverTestExecutionListener@4420ec3e, org.springframework.boot.test.mock.mockito.ResetMocksTestExecutionListener@37ead942]
18:25:47.894 [Test worker] DEBUG org.springframework.test.context.support.AbstractDirtiesContextTestExecutionListener - Before test class: context [DefaultTestContext@698f2875 testClass = IndexControllerTest, testInstance = [null], testMethod = [null], testException = [null], mergedContextConfiguration = [WebMergedContextConfiguration@2de56093 testClass = IndexControllerTest, locations = '{}', classes = '{class org.example.webservice.Application}', contextInitializerClasses = '[]', activeProfiles = '{}', propertySourceLocations = '{}', propertySourceProperties = '{org.springframework.boot.test.context.SpringBootTestContextBootstrapper=true, server.port=0}', contextCustomizers = set[org.springframework.boot.test.autoconfigure.properties.PropertyMappingContextCustomizer@0, org.springframework.boot.test.autoconfigure.web.servlet.WebDriverContextCustomizerFactory$Customizer@22756452, org.springframework.boot.test.context.filter.ExcludeFilterContextCustomizer@5fb8aa33, org.springframework.boot.test.json.DuplicateJsonObjectContextCustomizerFactory$DuplicateJsonObjectContextCustomizer@4eb4b7a7, org.springframework.boot.test.mock.mockito.MockitoContextCustomizer@0, org.springframework.boot.test.web.client.TestRestTemplateContextCustomizer@485bc5d4], resourceBasePath = 'src/main/webapp', contextLoader = 'org.springframework.boot.test.context.SpringBootContextLoader', parent = [null]], attributes = map['org.springframework.test.context.web.ServletTestExecutionListener.activateListener' -> false]], class annotated with @DirtiesContext [false] with mode [null].
18:25:47.899 [Test worker] DEBUG org.springframework.test.context.support.DependencyInjectionTestExecutionListener - Performing dependency injection for test context [[DefaultTestContext@698f2875 testClass = IndexControllerTest, testInstance = org.example.webservice.web.IndexControllerTest@188a2fb8, testMethod = [null], testException = [null], mergedContextConfiguration = [WebMergedContextConfiguration@2de56093 testClass = IndexControllerTest, locations = '{}', classes = '{class org.example.webservice.Application}', contextInitializerClasses = '[]', activeProfiles = '{}', propertySourceLocations = '{}', propertySourceProperties = '{org.springframework.boot.test.context.SpringBootTestContextBootstrapper=true, server.port=0}', contextCustomizers = set[org.springframework.boot.test.autoconfigure.properties.PropertyMappingContextCustomizer@0, org.springframework.boot.test.autoconfigure.web.servlet.WebDriverContextCustomizerFactory$Customizer@22756452, org.springframework.boot.test.context.filter.ExcludeFilterContextCustomizer@5fb8aa33, org.springframework.boot.test.json.DuplicateJsonObjectContextCustomizerFactory$DuplicateJsonObjectContextCustomizer@4eb4b7a7, org.springframework.boot.test.mock.mockito.MockitoContextCustomizer@0, org.springframework.boot.test.web.client.TestRestTemplateContextCustomizer@485bc5d4], resourceBasePath = 'src/main/webapp', contextLoader = 'org.springframework.boot.test.context.SpringBootContextLoader', parent = [null]], attributes = map['org.springframework.test.context.web.ServletTestExecutionListener.activateListener' -> false]]].
18:25:47.916 [Test worker] DEBUG org.springframework.test.context.support.TestPropertySourceUtils - Adding inlined properties to environment: {spring.jmx.enabled=false, org.springframework.boot.test.context.SpringBootTestContextBootstrapper=true, server.port=0}

  .   ____          _            __ _ _
 /\\ / ___'_ __ _ _(_)_ __  __ _ \ \ \ \
( ( )\___ | '_ | '_| | '_ \/ _` | \ \ \ \
 \\/  ___)| |_)| | | | | || (_| |  ) ) ) )
  '  |____| .__|_| |_|_| |_\__, | / / / /
 =========|_|==============|___/=/_/_/_/
 :: Spring Boot ::        (v2.1.7.RELEASE)

2025-01-24 18:25:48.093  INFO 12956 --- [    Test worker] o.e.webservice.web.IndexControllerTest   : Starting IndexControllerTest on DESKTOP-D3R7600 with PID 12956 (started by USER in D:\springboot\webservice)
2025-01-24 18:25:48.095  INFO 12956 --- [    Test worker] o.e.webservice.web.IndexControllerTest   : No active profile set, falling back to default profiles: default
2025-01-24 18:25:48.600  INFO 12956 --- [    Test worker] .s.d.r.c.RepositoryConfigurationDelegate : Bootstrapping Spring Data repositories in DEFAULT mode.
2025-01-24 18:25:48.640  INFO 12956 --- [    Test worker] .s.d.r.c.RepositoryConfigurationDelegate : Finished Spring Data repository scanning in 36ms. Found 1 repository interfaces.
2025-01-24 18:25:48.914  INFO 12956 --- [    Test worker] trationDelegate$BeanPostProcessorChecker : Bean 'org.springframework.transaction.annotation.ProxyTransactionManagementConfiguration' of type [org.springframework.transaction.annotation.ProxyTransactionManagementConfiguration$$EnhancerBySpringCGLIB$$14961ad4] is not eligible for getting processed by all BeanPostProcessors (for example: not eligible for auto-proxying)
2025-01-24 18:25:49.229  INFO 12956 --- [    Test worker] o.s.b.w.embedded.tomcat.TomcatWebServer  : Tomcat initialized with port(s): 0 (http)
2025-01-24 18:25:49.258  INFO 12956 --- [    Test worker] o.apache.catalina.core.StandardService   : Starting service [Tomcat]
2025-01-24 18:25:49.258  INFO 12956 --- [    Test worker] org.apache.catalina.core.StandardEngine  : Starting Servlet engine: [Apache Tomcat/9.0.22]
2025-01-24 18:25:49.380  INFO 12956 --- [    Test worker] o.a.c.c.C.[Tomcat].[localhost].[/]       : Initializing Spring embedded WebApplicationContext
2025-01-24 18:25:49.380  INFO 12956 --- [    Test worker] o.s.web.context.ContextLoader            : Root WebApplicationContext: initialization completed in 1269 ms
2025-01-24 18:25:49.629  INFO 12956 --- [    Test worker] com.zaxxer.hikari.HikariDataSource       : HikariPool-1 - Starting...
2025-01-24 18:25:49.789  INFO 12956 --- [    Test worker] com.zaxxer.hikari.HikariDataSource       : HikariPool-1 - Start completed.
2025-01-24 18:25:49.875  INFO 12956 --- [    Test worker] o.hibernate.jpa.internal.util.LogHelper  : HHH000204: Processing PersistenceUnitInfo [
	name: default
	...]
2025-01-24 18:25:49.968  INFO 12956 --- [    Test worker] org.hibernate.Version                    : HHH000412: Hibernate Core {5.3.10.Final}
2025-01-24 18:25:49.971  INFO 12956 --- [    Test worker] org.hibernate.cfg.Environment            : HHH000206: hibernate.properties not found
2025-01-24 18:25:50.155  INFO 12956 --- [    Test worker] o.hibernate.annotations.common.Version   : HCANN000001: Hibernate Commons Annotations {5.0.4.Final}
2025-01-24 18:25:50.315  INFO 12956 --- [    Test worker] org.hibernate.dialect.Dialect            : HHH000400: Using dialect: org.hibernate.dialect.MySQL5InnoDBDialect
Hibernate: drop table if exists posts
Hibernate: create table posts (id bigint not null auto_increment, created_date datetime, modified_date datetime, author varchar(255), content TEXT not null, title varchar(500) not null, primary key (id)) engine=InnoDB
2025-01-24 18:25:50.750  INFO 12956 --- [    Test worker] o.h.t.schema.internal.SchemaCreatorImpl  : HHH000476: Executing import script 'org.hibernate.tool.schema.internal.exec.ScriptSourceInputNonExistentImpl@11c2525'
2025-01-24 18:25:50.753  INFO 12956 --- [    Test worker] j.LocalContainerEntityManagerFactoryBean : Initialized JPA EntityManagerFactory for persistence unit 'default'
2025-01-24 18:25:51.331  INFO 12956 --- [    Test worker] o.s.s.concurrent.ThreadPoolTaskExecutor  : Initializing ExecutorService 'applicationTaskExecutor'
2025-01-24 18:25:51.386  WARN 12956 --- [    Test worker] aWebConfiguration$JpaWebMvcConfiguration : spring.jpa.open-in-view is enabled by default. Therefore, database queries may be performed during view rendering. Explicitly configure spring.jpa.open-in-view to disable this warning
2025-01-24 18:25:51.429  INFO 12956 --- [    Test worker] o.s.b.a.w.s.WelcomePageHandlerMapping    : Adding welcome page template: index
2025-01-24 18:25:51.724  INFO 12956 --- [    Test worker] o.s.b.w.embedded.tomcat.TomcatWebServer  : Tomcat started on port(s): 54253 (http) with context path ''
2025-01-24 18:25:51.728  INFO 12956 --- [    Test worker] o.e.webservice.web.IndexControllerTest   : Started IndexControllerTest in 3.809 seconds (JVM running for 4.697)
2025-01-24 18:25:51.898  INFO 12956 --- [o-auto-1-exec-2] o.a.c.c.C.[Tomcat].[localhost].[/]       : Initializing Spring DispatcherServlet 'dispatcherServlet'
2025-01-24 18:25:51.898  INFO 12956 --- [o-auto-1-exec-2] o.s.web.servlet.DispatcherServlet        : Initializing Servlet 'dispatcherServlet'
2025-01-24 18:25:51.912  INFO 12956 --- [o-auto-1-exec-2] o.s.web.servlet.DispatcherServlet        : Completed initialization in 14 ms
]]></system-out>
  <system-err><![CDATA[]]></system-err>
</testsuite>
